0 info it worked if it ends with ok
1 verbose cli [ '/usr/local/bin/node',
1 verbose cli   '/usr/local/bin/npm',
1 verbose cli   'install',
1 verbose cli   '--save',
1 verbose cli   'https://github.com/wagerfield/parallax' ]
2 info using npm@3.10.10
3 info using node@v6.10.0
4 silly loadCurrentTree Starting
5 silly install loadCurrentTree
6 silly install readLocalPackageData
7 silly fetchPackageMetaData https://github.com/wagerfield/parallax
8 silly fetchOtherPackageData https://github.com/wagerfield/parallax
9 silly cache add args [ 'https://github.com/wagerfield/parallax', null ]
10 verbose cache add spec https://github.com/wagerfield/parallax
11 silly cache add parsed spec Result {
11 silly cache add   raw: 'https://github.com/wagerfield/parallax',
11 silly cache add   scope: null,
11 silly cache add   escapedName: null,
11 silly cache add   name: null,
11 silly cache add   rawSpec: 'https://github.com/wagerfield/parallax',
11 silly cache add   spec: 'git+https://github.com/wagerfield/parallax.git',
11 silly cache add   type: 'hosted',
11 silly cache add   hosted:
11 silly cache add    { type: 'github',
11 silly cache add      ssh: 'git@github.com:wagerfield/parallax.git',
11 silly cache add      sshUrl: 'git+ssh://git@github.com/wagerfield/parallax.git',
11 silly cache add      httpsUrl: 'git+https://github.com/wagerfield/parallax.git',
11 silly cache add      gitUrl: 'git://github.com/wagerfield/parallax.git',
11 silly cache add      shortcut: 'github:wagerfield/parallax',
11 silly cache add      directUrl: 'https://raw.githubusercontent.com/wagerfield/parallax/master/package.json' } }
12 verbose addRemoteGit caching https://github.com/wagerfield/parallax
13 verbose addRemoteGit git+https://github.com/wagerfield/parallax.git is a repository hosted by github
14 silly tryClone cloning git+https://github.com/wagerfield/parallax.git via git+https://github.com/wagerfield/parallax.git
15 verbose tryClone git-https-github-com-wagerfield-parallax-git-fefc3e4e not in flight; caching
16 verbose correctMkdir /Users/shawnbaughcreatives/.npm/_git-remotes correctMkdir not in flight; initializing
17 info git [ 'config', '--get', 'remote.origin.url' ]
18 silly validateExistingRemote git+https://github.com/wagerfield/parallax.git remote.origin.url: https://github.com/wagerfield/parallax.git
19 verbose validateExistingRemote git+https://github.com/wagerfield/parallax.git is updating existing cached remote /Users/shawnbaughcreatives/.npm/_git-remotes/git-https-github-com-wagerfield-parallax-git-fefc3e4e
20 info git [ 'fetch', '-a', 'origin' ]
21 verbose updateRemote git fetch -a origin (https://github.com/wagerfield/parallax.git)
22 verbose correctMkdir /Users/shawnbaughcreatives/.npm/_git-remotes correctMkdir not in flight; initializing
23 verbose setPermissions git+https://github.com/wagerfield/parallax.git set permissions on /Users/shawnbaughcreatives/.npm/_git-remotes/git-https-github-com-wagerfield-parallax-git-fefc3e4e
24 verbose resolveHead git+https://github.com/wagerfield/parallax.git original treeish: master
25 info git [ 'rev-list', '-n1', 'master' ]
26 silly resolveHead git+https://github.com/wagerfield/parallax.git resolved treeish: 75696350bb176880224042f7df3c8d11bfe5a6b8
27 verbose resolveHead git+https://github.com/wagerfield/parallax.git resolved Git URL: git+https://github.com/wagerfield/parallax.git#75696350bb176880224042f7df3c8d11bfe5a6b8
28 silly resolveHead Git working directory: /var/folders/xj/rq0y5mc57qd82bhh8sf17bww0000gn/T/npm-13668-4bb01217/git-cache-4d675563/75696350bb176880224042f7df3c8d11bfe5a6b8
29 info git [ 'clone',
29 info git   '/Users/shawnbaughcreatives/.npm/_git-remotes/git-https-github-com-wagerfield-parallax-git-fefc3e4e',
29 info git   '/var/folders/xj/rq0y5mc57qd82bhh8sf17bww0000gn/T/npm-13668-4bb01217/git-cache-4d675563/75696350bb176880224042f7df3c8d11bfe5a6b8' ]
30 verbose cloneResolved git+https://github.com/wagerfield/parallax.git clone Cloning into '/var/folders/xj/rq0y5mc57qd82bhh8sf17bww0000gn/T/npm-13668-4bb01217/git-cache-4d675563/75696350bb176880224042f7df3c8d11bfe5a6b8'...
30 verbose cloneResolved done.
31 info git [ 'checkout', '75696350bb176880224042f7df3c8d11bfe5a6b8' ]
32 verbose checkoutTreeish git+https://github.com/wagerfield/parallax.git checkout Note: checking out '75696350bb176880224042f7df3c8d11bfe5a6b8'.
32 verbose checkoutTreeish
32 verbose checkoutTreeish You are in 'detached HEAD' state. You can look around, make experimental
32 verbose checkoutTreeish changes and commit them, and you can discard any commits you make in this
32 verbose checkoutTreeish state without impacting any branches by performing another checkout.
32 verbose checkoutTreeish
32 verbose checkoutTreeish If you want to create a new branch to retain commits you create, you may
32 verbose checkoutTreeish do so (now or later) by using -b with the checkout command again. Example:
32 verbose checkoutTreeish
32 verbose checkoutTreeish   git checkout -b <new-branch-name>
32 verbose checkoutTreeish
32 verbose checkoutTreeish HEAD is now at 7569635... Add ready callback, as demanded in issue #83
33 info git [ 'submodule', '-q', 'update', '--init', '--recursive' ]
34 verbose updateSubmodules git+https://github.com/wagerfield/parallax.git submodule update
35 verbose addLocalDirectory /Users/shawnbaughcreatives/.npm/parallax-js/3.0.0/package.tgz not in flight; packing
36 verbose correctMkdir /Users/shawnbaughcreatives/.npm correctMkdir not in flight; initializing
37 verbose tar pack [ '/Users/shawnbaughcreatives/.npm/parallax-js/3.0.0/package.tgz',
37 verbose tar pack   '/var/folders/xj/rq0y5mc57qd82bhh8sf17bww0000gn/T/npm-13668-4bb01217/git-cache-4d675563/75696350bb176880224042f7df3c8d11bfe5a6b8' ]
38 verbose tarball /Users/shawnbaughcreatives/.npm/parallax-js/3.0.0/package.tgz
39 verbose folder /var/folders/xj/rq0y5mc57qd82bhh8sf17bww0000gn/T/npm-13668-4bb01217/git-cache-4d675563/75696350bb176880224042f7df3c8d11bfe5a6b8
40 verbose addLocalTarball adding from inside cache /Users/shawnbaughcreatives/.npm/parallax-js/3.0.0/package.tgz
41 verbose correctMkdir /Users/shawnbaughcreatives/.npm correctMkdir not in flight; initializing
42 verbose addRemoteGit data._from: git+https://github.com/wagerfield/parallax.git
43 verbose addRemoteGit data._resolved: git+https://github.com/wagerfield/parallax.git#75696350bb176880224042f7df3c8d11bfe5a6b8
44 silly cache afterAdd parallax-js@3.0.0
45 verbose afterAdd /Users/shawnbaughcreatives/.npm/parallax-js/3.0.0/package/package.json not in flight; writing
46 verbose correctMkdir /Users/shawnbaughcreatives/.npm correctMkdir not in flight; initializing
47 verbose afterAdd /Users/shawnbaughcreatives/.npm/parallax-js/3.0.0/package/package.json written
48 silly install normalizeTree
49 silly loadCurrentTree Finishing
50 silly loadIdealTree Starting
51 silly install loadIdealTree
52 silly cloneCurrentTree Starting
53 silly install cloneCurrentTreeToIdealTree
54 silly cloneCurrentTree Finishing
55 silly loadShrinkwrap Starting
56 silly install loadShrinkwrap
57 silly loadShrinkwrap Finishing
58 silly loadAllDepsIntoIdealTree Starting
59 silly install loadAllDepsIntoIdealTree
60 silly resolveWithNewModule parallax-js@3.0.0 checking installable status
61 silly loadAllDepsIntoIdealTree Finishing
62 silly loadIdealTree Finishing
63 silly currentTree ATOM BUILDS
63 silly currentTree ├── acorn@4.0.13
63 silly currentTree ├── align-text@0.1.4
63 silly currentTree ├── ansi-regex@2.1.1
63 silly currentTree ├── ansi-styles@2.2.1
63 silly currentTree ├── anymatch@1.3.0
63 silly currentTree ├── arr-diff@2.0.0
63 silly currentTree ├── arr-flatten@1.0.3
63 silly currentTree ├── array-filter@0.0.1
63 silly currentTree ├── array-map@0.0.0
63 silly currentTree ├── array-reduce@0.0.0
63 silly currentTree ├── array-unique@0.2.1
63 silly currentTree ├── arrify@1.0.1
63 silly currentTree ├── asn1.js@4.9.1
63 silly currentTree ├── assert@1.4.1
63 silly currentTree ├── astw@2.2.0
63 silly currentTree ├── async-each@1.0.1
63 silly currentTree ├── babel-cli@6.24.1
63 silly currentTree ├── babel-code-frame@6.22.0
63 silly currentTree ├── babel-core@6.25.0
63 silly currentTree ├── babel-generator@6.25.0
63 silly currentTree ├── babel-helper-call-delegate@6.24.1
63 silly currentTree ├── babel-helper-define-map@6.24.1
63 silly currentTree ├── babel-helper-function-name@6.24.1
63 silly currentTree ├── babel-helper-get-function-arity@6.24.1
63 silly currentTree ├── babel-helper-hoist-variables@6.24.1
63 silly currentTree ├── babel-helper-optimise-call-expression@6.24.1
63 silly currentTree ├── babel-helper-regex@6.24.1
63 silly currentTree ├── babel-helper-replace-supers@6.24.1
63 silly currentTree ├── babel-helpers@6.24.1
63 silly currentTree ├── babel-messages@6.23.0
63 silly currentTree ├── babel-plugin-check-es2015-constants@6.22.0
63 silly currentTree ├── babel-plugin-transform-es2015-arrow-functions@6.22.0
63 silly currentTree ├── babel-plugin-transform-es2015-block-scoped-functions@6.22.0
63 silly currentTree ├── babel-plugin-transform-es2015-block-scoping@6.24.1
63 silly currentTree ├── babel-plugin-transform-es2015-classes@6.24.1
63 silly currentTree ├── babel-plugin-transform-es2015-computed-properties@6.24.1
63 silly currentTree ├── babel-plugin-transform-es2015-destructuring@6.23.0
63 silly currentTree ├── babel-plugin-transform-es2015-duplicate-keys@6.24.1
63 silly currentTree ├── babel-plugin-transform-es2015-for-of@6.23.0
63 silly currentTree ├── babel-plugin-transform-es2015-function-name@6.24.1
63 silly currentTree ├── babel-plugin-transform-es2015-literals@6.22.0
63 silly currentTree ├── babel-plugin-transform-es2015-modules-amd@6.24.1
63 silly currentTree ├── babel-plugin-transform-es2015-modules-commonjs@6.24.1
63 silly currentTree ├── babel-plugin-transform-es2015-modules-systemjs@6.24.1
63 silly currentTree ├── babel-plugin-transform-es2015-modules-umd@6.24.1
63 silly currentTree ├── babel-plugin-transform-es2015-object-super@6.24.1
63 silly currentTree ├── babel-plugin-transform-es2015-parameters@6.24.1
63 silly currentTree ├── babel-plugin-transform-es2015-shorthand-properties@6.24.1
63 silly currentTree ├── babel-plugin-transform-es2015-spread@6.22.0
63 silly currentTree ├── babel-plugin-transform-es2015-sticky-regex@6.24.1
63 silly currentTree ├── babel-plugin-transform-es2015-template-literals@6.22.0
63 silly currentTree ├── babel-plugin-transform-es2015-typeof-symbol@6.23.0
63 silly currentTree ├── babel-plugin-transform-es2015-unicode-regex@6.24.1
63 silly currentTree ├── babel-plugin-transform-regenerator@6.24.1
63 silly currentTree ├── babel-plugin-transform-strict-mode@6.24.1
63 silly currentTree ├── babel-polyfill@6.23.0
63 silly currentTree ├── babel-preset-es2015@6.24.1
63 silly currentTree ├── babel-register@6.24.1
63 silly currentTree ├── babel-runtime@6.23.0
63 silly currentTree ├── babel-template@6.25.0
63 silly currentTree ├── babel-traverse@6.25.0
63 silly currentTree ├── babel-types@6.25.0
63 silly currentTree ├── babylon@6.17.4
63 silly currentTree ├── balanced-match@1.0.0
63 silly currentTree ├── base64-js@1.2.0
63 silly currentTree ├── binary-extensions@1.8.0
63 silly currentTree ├── bn.js@4.11.6
63 silly currentTree ├── brace-expansion@1.1.8
63 silly currentTree ├── braces@1.8.5
63 silly currentTree ├── brorand@1.1.0
63 silly currentTree ├── browser-pack@6.0.2
63 silly currentTree ├─┬ browser-resolve@1.11.2
63 silly currentTree │ └── resolve@1.1.7
63 silly currentTree ├── browserify-aes@1.0.6
63 silly currentTree ├── browserify-cipher@1.0.0
63 silly currentTree ├── browserify-des@1.0.0
63 silly currentTree ├── browserify-rsa@4.0.1
63 silly currentTree ├── browserify-sign@4.0.4
63 silly currentTree ├── browserify-zlib@0.1.4
63 silly currentTree ├── browserify@14.4.0
63 silly currentTree ├── buffer-xor@1.0.3
63 silly currentTree ├── buffer@5.0.6
63 silly currentTree ├── builtin-status-codes@3.0.0
63 silly currentTree ├── cached-path-relative@1.0.1
63 silly currentTree ├── camelcase@1.2.1
63 silly currentTree ├── center-align@0.1.3
63 silly currentTree ├── chalk@1.1.3
63 silly currentTree ├── chokidar@1.7.0
63 silly currentTree ├── cipher-base@1.0.3
63 silly currentTree ├── cliui@2.1.0
63 silly currentTree ├─┬ combine-source-map@0.7.2
63 silly currentTree │ └── convert-source-map@1.1.3
63 silly currentTree ├── commander@2.9.0
63 silly currentTree ├── concat-map@0.0.1
63 silly currentTree ├─┬ concat-stream@1.5.2
63 silly currentTree │ ├── readable-stream@2.0.6
63 silly currentTree │ └── string_decoder@0.10.31
63 silly currentTree ├── console-browserify@1.1.0
63 silly currentTree ├── constants-browserify@1.0.0
63 silly currentTree ├── convert-source-map@1.5.0
63 silly currentTree ├── core-js@2.4.1
63 silly currentTree ├── core-util-is@1.0.2
63 silly currentTree ├── create-ecdh@4.0.0
63 silly currentTree ├── create-hash@1.1.3
63 silly currentTree ├── create-hmac@1.1.6
63 silly currentTree ├── crypto-browserify@3.11.0
63 silly currentTree ├── date-now@0.1.4
63 silly currentTree ├── debug@2.6.8
63 silly currentTree ├── decamelize@1.2.0
63 silly currentTree ├── defined@1.0.0
63 silly currentTree ├── deps-sort@2.0.0
63 silly currentTree ├── des.js@1.0.0
63 silly currentTree ├── detect-indent@4.0.0
63 silly currentTree ├── detective@4.5.0
63 silly currentTree ├── diffie-hellman@5.0.2
63 silly currentTree ├── domain-browser@1.1.7
63 silly currentTree ├── duplexer2@0.1.4
63 silly currentTree ├── elliptic@6.4.0
63 silly currentTree ├── escape-string-regexp@1.0.5
63 silly currentTree ├── esutils@2.0.2
63 silly currentTree ├── events@1.1.1
63 silly currentTree ├── evp_bytestokey@1.0.0
63 silly currentTree ├── expand-brackets@0.1.5
63 silly currentTree ├── expand-range@1.8.2
63 silly currentTree ├── extglob@0.3.2
63 silly currentTree ├── filename-regex@2.0.1
63 silly currentTree ├── fill-range@2.2.3
63 silly currentTree ├── for-in@1.0.2
63 silly currentTree ├── for-own@0.1.5
63 silly currentTree ├── fs-readdir-recursive@1.0.0
63 silly currentTree ├── fs.realpath@1.0.0
63 silly currentTree ├─┬ fsevents@1.1.2
63 silly currentTree │ ├── abbrev@1.1.0
63 silly currentTree │ ├── ajv@4.11.8
63 silly currentTree │ ├── ansi-regex@2.1.1
63 silly currentTree │ ├── aproba@1.1.1
63 silly currentTree │ ├── are-we-there-yet@1.1.4
63 silly currentTree │ ├── asn1@0.2.3
63 silly currentTree │ ├── assert-plus@0.2.0
63 silly currentTree │ ├── asynckit@0.4.0
63 silly currentTree │ ├── aws-sign2@0.6.0
63 silly currentTree │ ├── aws4@1.6.0
63 silly currentTree │ ├── balanced-match@0.4.2
63 silly currentTree │ ├── bcrypt-pbkdf@1.0.1
63 silly currentTree │ ├── block-stream@0.0.9
63 silly currentTree │ ├── boom@2.10.1
63 silly currentTree │ ├── brace-expansion@1.1.7
63 silly currentTree │ ├── buffer-shims@1.0.0
63 silly currentTree │ ├── caseless@0.12.0
63 silly currentTree │ ├── co@4.6.0
63 silly currentTree │ ├── code-point-at@1.1.0
63 silly currentTree │ ├── combined-stream@1.0.5
63 silly currentTree │ ├── concat-map@0.0.1
63 silly currentTree │ ├── console-control-strings@1.1.0
63 silly currentTree │ ├── core-util-is@1.0.2
63 silly currentTree │ ├── cryptiles@2.0.5
63 silly currentTree │ ├─┬ dashdash@1.14.1
63 silly currentTree │ │ └── assert-plus@1.0.0
63 silly currentTree │ ├── debug@2.6.8
63 silly currentTree │ ├── deep-extend@0.4.2
63 silly currentTree │ ├── delayed-stream@1.0.0
63 silly currentTree │ ├── delegates@1.0.0
63 silly currentTree │ ├── ecc-jsbn@0.1.1
63 silly currentTree │ ├── extend@3.0.1
63 silly currentTree │ ├── extsprintf@1.0.2
63 silly currentTree │ ├── forever-agent@0.6.1
63 silly currentTree │ ├── form-data@2.1.4
63 silly currentTree │ ├── fs.realpath@1.0.0
63 silly currentTree │ ├── fstream-ignore@1.0.5
63 silly currentTree │ ├── fstream@1.0.11
63 silly currentTree │ ├── gauge@2.7.4
63 silly currentTree │ ├─┬ getpass@0.1.7
63 silly currentTree │ │ └── assert-plus@1.0.0
63 silly currentTree │ ├── glob@7.1.2
63 silly currentTree │ ├── graceful-fs@4.1.11
63 silly currentTree │ ├── har-schema@1.0.5
63 silly currentTree │ ├── har-validator@4.2.1
63 silly currentTree │ ├── has-unicode@2.0.1
63 silly currentTree │ ├── hawk@3.1.3
63 silly currentTree │ ├── hoek@2.16.3
63 silly currentTree │ ├── http-signature@1.1.1
63 silly currentTree │ ├── inflight@1.0.6
63 silly currentTree │ ├── inherits@2.0.3
63 silly currentTree │ ├── ini@1.3.4
63 silly currentTree │ ├── is-fullwidth-code-point@1.0.0
63 silly currentTree │ ├── is-typedarray@1.0.0
63 silly currentTree │ ├── isarray@1.0.0
63 silly currentTree │ ├── isstream@0.1.2
63 silly currentTree │ ├── jodid25519@1.0.2
63 silly currentTree │ ├── jsbn@0.1.1
63 silly currentTree │ ├── json-schema@0.2.3
63 silly currentTree │ ├── json-stable-stringify@1.0.1
63 silly currentTree │ ├── json-stringify-safe@5.0.1
63 silly currentTree │ ├── jsonify@0.0.0
63 silly currentTree │ ├─┬ jsprim@1.4.0
63 silly currentTree │ │ └── assert-plus@1.0.0
63 silly currentTree │ ├── mime-db@1.27.0
63 silly currentTree │ ├── mime-types@2.1.15
63 silly currentTree │ ├── minimatch@3.0.4
63 silly currentTree │ ├── minimist@0.0.8
63 silly currentTree │ ├── mkdirp@0.5.1
63 silly currentTree │ ├── ms@2.0.0
63 silly currentTree │ ├── node-pre-gyp@0.6.36
63 silly currentTree │ ├── nopt@4.0.1
63 silly currentTree │ ├── npmlog@4.1.0
63 silly currentTree │ ├── number-is-nan@1.0.1
63 silly currentTree │ ├── oauth-sign@0.8.2
63 silly currentTree │ ├── object-assign@4.1.1
63 silly currentTree │ ├── once@1.4.0
63 silly currentTree │ ├── os-homedir@1.0.2
63 silly currentTree │ ├── os-tmpdir@1.0.2
63 silly currentTree │ ├── osenv@0.1.4
63 silly currentTree │ ├── path-is-absolute@1.0.1
63 silly currentTree │ ├── performance-now@0.2.0
63 silly currentTree │ ├── process-nextick-args@1.0.7
63 silly currentTree │ ├── punycode@1.4.1
63 silly currentTree │ ├── qs@6.4.0
63 silly currentTree │ ├─┬ rc@1.2.1
63 silly currentTree │ │ └── minimist@1.2.0
63 silly currentTree │ ├── readable-stream@2.2.9
63 silly currentTree │ ├── request@2.81.0
63 silly currentTree │ ├── rimraf@2.6.1
63 silly currentTree │ ├── safe-buffer@5.0.1
63 silly currentTree │ ├── semver@5.3.0
63 silly currentTree │ ├── set-blocking@2.0.0
63 silly currentTree │ ├── signal-exit@3.0.2
63 silly currentTree │ ├── sntp@1.0.9
63 silly currentTree │ ├─┬ sshpk@1.13.0
63 silly currentTree │ │ └── assert-plus@1.0.0
63 silly currentTree │ ├── string_decoder@1.0.1
63 silly currentTree │ ├── string-width@1.0.2
63 silly currentTree │ ├── stringstream@0.0.5
63 silly currentTree │ ├── strip-ansi@3.0.1
63 silly currentTree │ ├── strip-json-comments@2.0.1
63 silly currentTree │ ├── tar-pack@3.4.0
63 silly currentTree │ ├── tar@2.2.1
63 silly currentTree │ ├── tough-cookie@2.3.2
63 silly currentTree │ ├── tunnel-agent@0.6.0
63 silly currentTree │ ├── tweetnacl@0.14.5
63 silly currentTree │ ├── uid-number@0.0.6
63 silly currentTree │ ├── util-deprecate@1.0.2
63 silly currentTree │ ├── uuid@3.0.1
63 silly currentTree │ ├── verror@1.3.6
63 silly currentTree │ ├── wide-align@1.1.2
63 silly currentTree │ └── wrappy@1.0.2
63 silly currentTree ├── function-bind@1.1.0
63 silly currentTree ├── glob-base@0.3.0
63 silly currentTree ├── glob-parent@2.0.0
63 silly currentTree ├── glob@7.1.2
63 silly currentTree ├── globals@9.18.0
63 silly currentTree ├── graceful-fs@4.1.11
63 silly currentTree ├── graceful-readlink@1.0.1
63 silly currentTree ├── has-ansi@2.0.0
63 silly currentTree ├── has@1.0.1
63 silly currentTree ├── hash-base@2.0.2
63 silly currentTree ├── hash.js@1.1.1
63 silly currentTree ├── hmac-drbg@1.0.1
63 silly currentTree ├── home-or-tmp@2.0.0
63 silly currentTree ├── htmlescape@1.1.1
63 silly currentTree ├── https-browserify@1.0.0
63 silly currentTree ├── ieee754@1.1.8
63 silly currentTree ├── indexof@0.0.1
63 silly currentTree ├── inflight@1.0.6
63 silly currentTree ├── inherits@2.0.3
63 silly currentTree ├── inline-source-map@0.6.2
63 silly currentTree ├── insert-module-globals@7.0.1
63 silly currentTree ├── invariant@2.2.2
63 silly currentTree ├── is-binary-path@1.0.1
63 silly currentTree ├── is-buffer@1.1.5
63 silly currentTree ├── is-dotfile@1.0.3
63 silly currentTree ├── is-equal-shallow@0.1.3
63 silly currentTree ├── is-extendable@0.1.1
63 silly currentTree ├── is-extglob@1.0.0
63 silly currentTree ├── is-finite@1.0.2
63 silly currentTree ├── is-glob@2.0.1
63 silly currentTree ├── is-number@2.1.0
63 silly currentTree ├── is-posix-bracket@0.1.1
63 silly currentTree ├── is-primitive@2.0.0
63 silly currentTree ├── isarray@1.0.0
63 silly currentTree ├── isobject@2.1.0
63 silly currentTree ├── js-tokens@3.0.1
63 silly currentTree ├── jsesc@1.3.0
63 silly currentTree ├── json-stable-stringify@0.0.1
63 silly currentTree ├── json5@0.5.1
63 silly currentTree ├── jsonify@0.0.0
63 silly currentTree ├── jsonparse@1.3.1
63 silly currentTree ├── JSONStream@1.3.1
63 silly currentTree ├── kind-of@3.2.2
63 silly currentTree ├─┬ labeled-stream-splicer@2.0.0
63 silly currentTree │ └── isarray@0.0.1
63 silly currentTree ├── lazy-cache@1.0.4
63 silly currentTree ├── lexical-scope@1.2.0
63 silly currentTree ├── lodash.memoize@3.0.4
63 silly currentTree ├── lodash@4.17.4
63 silly currentTree ├── longest@1.0.1
63 silly currentTree ├── loose-envify@1.3.1
63 silly currentTree ├── micromatch@2.3.11
63 silly currentTree ├── miller-rabin@4.0.0
63 silly currentTree ├── minimalistic-assert@1.0.0
63 silly currentTree ├── minimalistic-crypto-utils@1.0.1
63 silly currentTree ├── minimatch@3.0.4
63 silly currentTree ├── minimist@0.0.8
63 silly currentTree ├── mkdirp@0.5.1
63 silly currentTree ├── module-deps@4.1.1
63 silly currentTree ├── ms@2.0.0
63 silly currentTree ├── nan@2.6.2
63 silly currentTree ├── normalize-path@2.1.1
63 silly currentTree ├── number-is-nan@1.0.1
63 silly currentTree ├── object-assign@4.1.1
63 silly currentTree ├── object.omit@2.0.1
63 silly currentTree ├── once@1.4.0
63 silly currentTree ├── os-browserify@0.1.2
63 silly currentTree ├── os-homedir@1.0.2
63 silly currentTree ├── os-tmpdir@1.0.2
63 silly currentTree ├── output-file-sync@1.1.2
63 silly currentTree ├── pako@0.2.9
63 silly currentTree ├── parents@1.0.1
63 silly currentTree ├── parse-asn1@5.1.0
63 silly currentTree ├── parse-glob@3.0.4
63 silly currentTree ├── path-browserify@0.0.0
63 silly currentTree ├── path-is-absolute@1.0.1
63 silly currentTree ├── path-parse@1.0.5
63 silly currentTree ├── path-platform@0.11.15
63 silly currentTree ├── pbkdf2@3.0.12
63 silly currentTree ├── performance-now@2.1.0
63 silly currentTree ├── preserve@0.2.0
63 silly currentTree ├── private@0.1.7
63 silly currentTree ├── process-nextick-args@1.0.7
63 silly currentTree ├── process@0.11.10
63 silly currentTree ├── public-encrypt@4.0.0
63 silly currentTree ├── punycode@1.4.1
63 silly currentTree ├── querystring-es3@0.2.1
63 silly currentTree ├── querystring@0.2.0
63 silly currentTree ├── raf@3.3.2
63 silly currentTree ├─┬ randomatic@1.1.7
63 silly currentTree │ ├─┬ is-number@3.0.0
63 silly currentTree │ │ └── kind-of@3.2.2
63 silly currentTree │ └── kind-of@4.0.0
63 silly currentTree ├── randombytes@2.0.5
63 silly currentTree ├── read-only-stream@2.0.0
63 silly currentTree ├── readable-stream@2.3.0
63 silly currentTree ├── readdirp@2.1.0
63 silly currentTree ├── regenerate@1.3.2
63 silly currentTree ├── regenerator-runtime@0.10.5
63 silly currentTree ├── regenerator-transform@0.9.11
63 silly currentTree ├── regex-cache@0.4.3
63 silly currentTree ├── regexpu-core@2.0.0
63 silly currentTree ├── regjsgen@0.2.0
63 silly currentTree ├─┬ regjsparser@0.1.5
63 silly currentTree │ └── jsesc@0.5.0
63 silly currentTree ├── remove-trailing-separator@1.0.2
63 silly currentTree ├── repeat-element@1.1.2
63 silly currentTree ├── repeat-string@1.6.1
63 silly currentTree ├── repeating@2.0.1
63 silly currentTree ├── resolve@1.3.3
63 silly currentTree ├── right-align@0.1.3
63 silly currentTree ├── ripemd160@2.0.1
63 silly currentTree ├── safe-buffer@5.1.0
63 silly currentTree ├── set-immediate-shim@1.0.1
63 silly currentTree ├── sha.js@2.4.8
63 silly currentTree ├── shasum@1.0.2
63 silly currentTree ├── shell-quote@1.6.1
63 silly currentTree ├── slash@1.0.0
63 silly currentTree ├── source-map-support@0.4.15
63 silly currentTree ├── source-map@0.5.6
63 silly currentTree ├── stream-browserify@2.0.1
63 silly currentTree ├── stream-combiner2@1.1.1
63 silly currentTree ├── stream-http@2.7.2
63 silly currentTree ├── stream-splicer@2.0.0
63 silly currentTree ├─┬ string_decoder@1.0.2
63 silly currentTree │ └── safe-buffer@5.0.1
63 silly currentTree ├── strip-ansi@3.0.1
63 silly currentTree ├─┬ subarg@1.0.0
63 silly currentTree │ └── minimist@1.2.0
63 silly currentTree ├── supports-color@2.0.0
63 silly currentTree ├── syntax-error@1.3.0
63 silly currentTree ├── through@2.3.8
63 silly currentTree ├── through2@2.0.3
63 silly currentTree ├── timers-browserify@1.4.2
63 silly currentTree ├── to-arraybuffer@1.0.1
63 silly currentTree ├── to-fast-properties@1.0.3
63 silly currentTree ├── trim-right@1.0.1
63 silly currentTree ├── tty-browserify@0.0.0
63 silly currentTree ├── typedarray@0.0.6
63 silly currentTree ├── uglify-js@2.8.29
63 silly currentTree ├── uglify-to-browserify@1.0.2
63 silly currentTree ├── umd@3.0.1
63 silly currentTree ├─┬ url@0.11.0
63 silly currentTree │ └── punycode@1.3.2
63 silly currentTree ├── user-home@1.1.1
63 silly currentTree ├── util-deprecate@1.0.2
63 silly currentTree ├─┬ util@0.10.3
63 silly currentTree │ └── inherits@2.0.1
63 silly currentTree ├── v8flags@2.1.1
63 silly currentTree ├── vm-browserify@0.0.4
63 silly currentTree ├── window-size@0.1.0
63 silly currentTree ├── wordwrap@0.0.2
63 silly currentTree ├── wrappy@1.0.2
63 silly currentTree ├── xtend@4.0.1
63 silly currentTree └── yargs@3.10.0
64 silly idealTree ATOM BUILDS
64 silly idealTree ├── acorn@4.0.13
64 silly idealTree ├── align-text@0.1.4
64 silly idealTree ├── ansi-regex@2.1.1
64 silly idealTree ├── ansi-styles@2.2.1
64 silly idealTree ├── anymatch@1.3.0
64 silly idealTree ├── arr-diff@2.0.0
64 silly idealTree ├── arr-flatten@1.0.3
64 silly idealTree ├── array-filter@0.0.1
64 silly idealTree ├── array-map@0.0.0
64 silly idealTree ├── array-reduce@0.0.0
64 silly idealTree ├── array-unique@0.2.1
64 silly idealTree ├── arrify@1.0.1
64 silly idealTree ├── asn1.js@4.9.1
64 silly idealTree ├── assert@1.4.1
64 silly idealTree ├── astw@2.2.0
64 silly idealTree ├── async-each@1.0.1
64 silly idealTree ├── babel-cli@6.24.1
64 silly idealTree ├── babel-code-frame@6.22.0
64 silly idealTree ├── babel-core@6.25.0
64 silly idealTree ├── babel-generator@6.25.0
64 silly idealTree ├── babel-helper-call-delegate@6.24.1
64 silly idealTree ├── babel-helper-define-map@6.24.1
64 silly idealTree ├── babel-helper-function-name@6.24.1
64 silly idealTree ├── babel-helper-get-function-arity@6.24.1
64 silly idealTree ├── babel-helper-hoist-variables@6.24.1
64 silly idealTree ├── babel-helper-optimise-call-expression@6.24.1
64 silly idealTree ├── babel-helper-regex@6.24.1
64 silly idealTree ├── babel-helper-replace-supers@6.24.1
64 silly idealTree ├── babel-helpers@6.24.1
64 silly idealTree ├── babel-messages@6.23.0
64 silly idealTree ├── babel-plugin-check-es2015-constants@6.22.0
64 silly idealTree ├── babel-plugin-transform-es2015-arrow-functions@6.22.0
64 silly idealTree ├── babel-plugin-transform-es2015-block-scoped-functions@6.22.0
64 silly idealTree ├── babel-plugin-transform-es2015-block-scoping@6.24.1
64 silly idealTree ├── babel-plugin-transform-es2015-classes@6.24.1
64 silly idealTree ├── babel-plugin-transform-es2015-computed-properties@6.24.1
64 silly idealTree ├── babel-plugin-transform-es2015-destructuring@6.23.0
64 silly idealTree ├── babel-plugin-transform-es2015-duplicate-keys@6.24.1
64 silly idealTree ├── babel-plugin-transform-es2015-for-of@6.23.0
64 silly idealTree ├── babel-plugin-transform-es2015-function-name@6.24.1
64 silly idealTree ├── babel-plugin-transform-es2015-literals@6.22.0
64 silly idealTree ├── babel-plugin-transform-es2015-modules-amd@6.24.1
64 silly idealTree ├── babel-plugin-transform-es2015-modules-commonjs@6.24.1
64 silly idealTree ├── babel-plugin-transform-es2015-modules-systemjs@6.24.1
64 silly idealTree ├── babel-plugin-transform-es2015-modules-umd@6.24.1
64 silly idealTree ├── babel-plugin-transform-es2015-object-super@6.24.1
64 silly idealTree ├── babel-plugin-transform-es2015-parameters@6.24.1
64 silly idealTree ├── babel-plugin-transform-es2015-shorthand-properties@6.24.1
64 silly idealTree ├── babel-plugin-transform-es2015-spread@6.22.0
64 silly idealTree ├── babel-plugin-transform-es2015-sticky-regex@6.24.1
64 silly idealTree ├── babel-plugin-transform-es2015-template-literals@6.22.0
64 silly idealTree ├── babel-plugin-transform-es2015-typeof-symbol@6.23.0
64 silly idealTree ├── babel-plugin-transform-es2015-unicode-regex@6.24.1
64 silly idealTree ├── babel-plugin-transform-regenerator@6.24.1
64 silly idealTree ├── babel-plugin-transform-strict-mode@6.24.1
64 silly idealTree ├── babel-polyfill@6.23.0
64 silly idealTree ├── babel-preset-es2015@6.24.1
64 silly idealTree ├── babel-register@6.24.1
64 silly idealTree ├── babel-runtime@6.23.0
64 silly idealTree ├── babel-template@6.25.0
64 silly idealTree ├── babel-traverse@6.25.0
64 silly idealTree ├── babel-types@6.25.0
64 silly idealTree ├── babylon@6.17.4
64 silly idealTree ├── balanced-match@1.0.0
64 silly idealTree ├── base64-js@1.2.0
64 silly idealTree ├── binary-extensions@1.8.0
64 silly idealTree ├── bn.js@4.11.6
64 silly idealTree ├── brace-expansion@1.1.8
64 silly idealTree ├── braces@1.8.5
64 silly idealTree ├── brorand@1.1.0
64 silly idealTree ├── browser-pack@6.0.2
64 silly idealTree ├─┬ browser-resolve@1.11.2
64 silly idealTree │ └── resolve@1.1.7
64 silly idealTree ├── browserify-aes@1.0.6
64 silly idealTree ├── browserify-cipher@1.0.0
64 silly idealTree ├── browserify-des@1.0.0
64 silly idealTree ├── browserify-rsa@4.0.1
64 silly idealTree ├── browserify-sign@4.0.4
64 silly idealTree ├── browserify-zlib@0.1.4
64 silly idealTree ├── browserify@14.4.0
64 silly idealTree ├── buffer-xor@1.0.3
64 silly idealTree ├── buffer@5.0.6
64 silly idealTree ├── builtin-status-codes@3.0.0
64 silly idealTree ├── cached-path-relative@1.0.1
64 silly idealTree ├── camelcase@1.2.1
64 silly idealTree ├── center-align@0.1.3
64 silly idealTree ├── chalk@1.1.3
64 silly idealTree ├── chokidar@1.7.0
64 silly idealTree ├── cipher-base@1.0.3
64 silly idealTree ├── cliui@2.1.0
64 silly idealTree ├─┬ combine-source-map@0.7.2
64 silly idealTree │ └── convert-source-map@1.1.3
64 silly idealTree ├── commander@2.9.0
64 silly idealTree ├── concat-map@0.0.1
64 silly idealTree ├─┬ concat-stream@1.5.2
64 silly idealTree │ ├── readable-stream@2.0.6
64 silly idealTree │ └── string_decoder@0.10.31
64 silly idealTree ├── console-browserify@1.1.0
64 silly idealTree ├── constants-browserify@1.0.0
64 silly idealTree ├── convert-source-map@1.5.0
64 silly idealTree ├── core-js@2.4.1
64 silly idealTree ├── core-util-is@1.0.2
64 silly idealTree ├── create-ecdh@4.0.0
64 silly idealTree ├── create-hash@1.1.3
64 silly idealTree ├── create-hmac@1.1.6
64 silly idealTree ├── crypto-browserify@3.11.0
64 silly idealTree ├── date-now@0.1.4
64 silly idealTree ├── debug@2.6.8
64 silly idealTree ├── decamelize@1.2.0
64 silly idealTree ├── defined@1.0.0
64 silly idealTree ├── deps-sort@2.0.0
64 silly idealTree ├── des.js@1.0.0
64 silly idealTree ├── detect-indent@4.0.0
64 silly idealTree ├── detective@4.5.0
64 silly idealTree ├── diffie-hellman@5.0.2
64 silly idealTree ├── domain-browser@1.1.7
64 silly idealTree ├── duplexer2@0.1.4
64 silly idealTree ├── elliptic@6.4.0
64 silly idealTree ├── escape-string-regexp@1.0.5
64 silly idealTree ├── esutils@2.0.2
64 silly idealTree ├── events@1.1.1
64 silly idealTree ├── evp_bytestokey@1.0.0
64 silly idealTree ├── expand-brackets@0.1.5
64 silly idealTree ├── expand-range@1.8.2
64 silly idealTree ├── extglob@0.3.2
64 silly idealTree ├── filename-regex@2.0.1
64 silly idealTree ├── fill-range@2.2.3
64 silly idealTree ├── for-in@1.0.2
64 silly idealTree ├── for-own@0.1.5
64 silly idealTree ├── fs-readdir-recursive@1.0.0
64 silly idealTree ├── fs.realpath@1.0.0
64 silly idealTree ├─┬ fsevents@1.1.2
64 silly idealTree │ ├── abbrev@1.1.0
64 silly idealTree │ ├── ajv@4.11.8
64 silly idealTree │ ├── ansi-regex@2.1.1
64 silly idealTree │ ├── aproba@1.1.1
64 silly idealTree │ ├── are-we-there-yet@1.1.4
64 silly idealTree │ ├── asn1@0.2.3
64 silly idealTree │ ├── assert-plus@0.2.0
64 silly idealTree │ ├── asynckit@0.4.0
64 silly idealTree │ ├── aws-sign2@0.6.0
64 silly idealTree │ ├── aws4@1.6.0
64 silly idealTree │ ├── balanced-match@0.4.2
64 silly idealTree │ ├── bcrypt-pbkdf@1.0.1
64 silly idealTree │ ├── block-stream@0.0.9
64 silly idealTree │ ├── boom@2.10.1
64 silly idealTree │ ├── brace-expansion@1.1.7
64 silly idealTree │ ├── buffer-shims@1.0.0
64 silly idealTree │ ├── caseless@0.12.0
64 silly idealTree │ ├── co@4.6.0
64 silly idealTree │ ├── code-point-at@1.1.0
64 silly idealTree │ ├── combined-stream@1.0.5
64 silly idealTree │ ├── concat-map@0.0.1
64 silly idealTree │ ├── console-control-strings@1.1.0
64 silly idealTree │ ├── core-util-is@1.0.2
64 silly idealTree │ ├── cryptiles@2.0.5
64 silly idealTree │ ├─┬ dashdash@1.14.1
64 silly idealTree │ │ └── assert-plus@1.0.0
64 silly idealTree │ ├── debug@2.6.8
64 silly idealTree │ ├── deep-extend@0.4.2
64 silly idealTree │ ├── delayed-stream@1.0.0
64 silly idealTree │ ├── delegates@1.0.0
64 silly idealTree │ ├── ecc-jsbn@0.1.1
64 silly idealTree │ ├── extend@3.0.1
64 silly idealTree │ ├── extsprintf@1.0.2
64 silly idealTree │ ├── forever-agent@0.6.1
64 silly idealTree │ ├── form-data@2.1.4
64 silly idealTree │ ├── fs.realpath@1.0.0
64 silly idealTree │ ├── fstream-ignore@1.0.5
64 silly idealTree │ ├── fstream@1.0.11
64 silly idealTree │ ├── gauge@2.7.4
64 silly idealTree │ ├─┬ getpass@0.1.7
64 silly idealTree │ │ └── assert-plus@1.0.0
64 silly idealTree │ ├── glob@7.1.2
64 silly idealTree │ ├── graceful-fs@4.1.11
64 silly idealTree │ ├── har-schema@1.0.5
64 silly idealTree │ ├── har-validator@4.2.1
64 silly idealTree │ ├── has-unicode@2.0.1
64 silly idealTree │ ├── hawk@3.1.3
64 silly idealTree │ ├── hoek@2.16.3
64 silly idealTree │ ├── http-signature@1.1.1
64 silly idealTree │ ├── inflight@1.0.6
64 silly idealTree │ ├── inherits@2.0.3
64 silly idealTree │ ├── ini@1.3.4
64 silly idealTree │ ├── is-fullwidth-code-point@1.0.0
64 silly idealTree │ ├── is-typedarray@1.0.0
64 silly idealTree │ ├── isarray@1.0.0
64 silly idealTree │ ├── isstream@0.1.2
64 silly idealTree │ ├── jodid25519@1.0.2
64 silly idealTree │ ├── jsbn@0.1.1
64 silly idealTree │ ├── json-schema@0.2.3
64 silly idealTree │ ├── json-stable-stringify@1.0.1
64 silly idealTree │ ├── json-stringify-safe@5.0.1
64 silly idealTree │ ├── jsonify@0.0.0
64 silly idealTree │ ├─┬ jsprim@1.4.0
64 silly idealTree │ │ └── assert-plus@1.0.0
64 silly idealTree │ ├── mime-db@1.27.0
64 silly idealTree │ ├── mime-types@2.1.15
64 silly idealTree │ ├── minimatch@3.0.4
64 silly idealTree │ ├── minimist@0.0.8
64 silly idealTree │ ├── mkdirp@0.5.1
64 silly idealTree │ ├── ms@2.0.0
64 silly idealTree │ ├── node-pre-gyp@0.6.36
64 silly idealTree │ ├── nopt@4.0.1
64 silly idealTree │ ├── npmlog@4.1.0
64 silly idealTree │ ├── number-is-nan@1.0.1
64 silly idealTree │ ├── oauth-sign@0.8.2
64 silly idealTree │ ├── object-assign@4.1.1
64 silly idealTree │ ├── once@1.4.0
64 silly idealTree │ ├── os-homedir@1.0.2
64 silly idealTree │ ├── os-tmpdir@1.0.2
64 silly idealTree │ ├── osenv@0.1.4
64 silly idealTree │ ├── path-is-absolute@1.0.1
64 silly idealTree │ ├── performance-now@0.2.0
64 silly idealTree │ ├── process-nextick-args@1.0.7
64 silly idealTree │ ├── punycode@1.4.1
64 silly idealTree │ ├── qs@6.4.0
64 silly idealTree │ ├─┬ rc@1.2.1
64 silly idealTree │ │ └── minimist@1.2.0
64 silly idealTree │ ├── readable-stream@2.2.9
64 silly idealTree │ ├── request@2.81.0
64 silly idealTree │ ├── rimraf@2.6.1
64 silly idealTree │ ├── safe-buffer@5.0.1
64 silly idealTree │ ├── semver@5.3.0
64 silly idealTree │ ├── set-blocking@2.0.0
64 silly idealTree │ ├── signal-exit@3.0.2
64 silly idealTree │ ├── sntp@1.0.9
64 silly idealTree │ ├─┬ sshpk@1.13.0
64 silly idealTree │ │ └── assert-plus@1.0.0
64 silly idealTree │ ├── string_decoder@1.0.1
64 silly idealTree │ ├── string-width@1.0.2
64 silly idealTree │ ├── stringstream@0.0.5
64 silly idealTree │ ├── strip-ansi@3.0.1
64 silly idealTree │ ├── strip-json-comments@2.0.1
64 silly idealTree │ ├── tar-pack@3.4.0
64 silly idealTree │ ├── tar@2.2.1
64 silly idealTree │ ├── tough-cookie@2.3.2
64 silly idealTree │ ├── tunnel-agent@0.6.0
64 silly idealTree │ ├── tweetnacl@0.14.5
64 silly idealTree │ ├── uid-number@0.0.6
64 silly idealTree │ ├── util-deprecate@1.0.2
64 silly idealTree │ ├── uuid@3.0.1
64 silly idealTree │ ├── verror@1.3.6
64 silly idealTree │ ├── wide-align@1.1.2
64 silly idealTree │ └── wrappy@1.0.2
64 silly idealTree ├── function-bind@1.1.0
64 silly idealTree ├── glob-base@0.3.0
64 silly idealTree ├── glob-parent@2.0.0
64 silly idealTree ├── glob@7.1.2
64 silly idealTree ├── globals@9.18.0
64 silly idealTree ├── graceful-fs@4.1.11
64 silly idealTree ├── graceful-readlink@1.0.1
64 silly idealTree ├── has-ansi@2.0.0
64 silly idealTree ├── has@1.0.1
64 silly idealTree ├── hash-base@2.0.2
64 silly idealTree ├── hash.js@1.1.1
64 silly idealTree ├── hmac-drbg@1.0.1
64 silly idealTree ├── home-or-tmp@2.0.0
64 silly idealTree ├── htmlescape@1.1.1
64 silly idealTree ├── https-browserify@1.0.0
64 silly idealTree ├── ieee754@1.1.8
64 silly idealTree ├── indexof@0.0.1
64 silly idealTree ├── inflight@1.0.6
64 silly idealTree ├── inherits@2.0.3
64 silly idealTree ├── inline-source-map@0.6.2
64 silly idealTree ├── insert-module-globals@7.0.1
64 silly idealTree ├── invariant@2.2.2
64 silly idealTree ├── is-binary-path@1.0.1
64 silly idealTree ├── is-buffer@1.1.5
64 silly idealTree ├── is-dotfile@1.0.3
64 silly idealTree ├── is-equal-shallow@0.1.3
64 silly idealTree ├── is-extendable@0.1.1
64 silly idealTree ├── is-extglob@1.0.0
64 silly idealTree ├── is-finite@1.0.2
64 silly idealTree ├── is-glob@2.0.1
64 silly idealTree ├── is-number@2.1.0
64 silly idealTree ├── is-posix-bracket@0.1.1
64 silly idealTree ├── is-primitive@2.0.0
64 silly idealTree ├── isarray@1.0.0
64 silly idealTree ├── isobject@2.1.0
64 silly idealTree ├── js-tokens@3.0.1
64 silly idealTree ├── jsesc@1.3.0
64 silly idealTree ├── json-stable-stringify@0.0.1
64 silly idealTree ├── json5@0.5.1
64 silly idealTree ├── jsonify@0.0.0
64 silly idealTree ├── jsonparse@1.3.1
64 silly idealTree ├── JSONStream@1.3.1
64 silly idealTree ├── kind-of@3.2.2
64 silly idealTree ├─┬ labeled-stream-splicer@2.0.0
64 silly idealTree │ └── isarray@0.0.1
64 silly idealTree ├── lazy-cache@1.0.4
64 silly idealTree ├── lexical-scope@1.2.0
64 silly idealTree ├── lodash.memoize@3.0.4
64 silly idealTree ├── lodash@4.17.4
64 silly idealTree ├── longest@1.0.1
64 silly idealTree ├── loose-envify@1.3.1
64 silly idealTree ├── micromatch@2.3.11
64 silly idealTree ├── miller-rabin@4.0.0
64 silly idealTree ├── minimalistic-assert@1.0.0
64 silly idealTree ├── minimalistic-crypto-utils@1.0.1
64 silly idealTree ├── minimatch@3.0.4
64 silly idealTree ├── minimist@0.0.8
64 silly idealTree ├── mkdirp@0.5.1
64 silly idealTree ├── module-deps@4.1.1
64 silly idealTree ├── ms@2.0.0
64 silly idealTree ├── nan@2.6.2
64 silly idealTree ├── normalize-path@2.1.1
64 silly idealTree ├── number-is-nan@1.0.1
64 silly idealTree ├── object-assign@4.1.1
64 silly idealTree ├── object.omit@2.0.1
64 silly idealTree ├── once@1.4.0
64 silly idealTree ├── os-browserify@0.1.2
64 silly idealTree ├── os-homedir@1.0.2
64 silly idealTree ├── os-tmpdir@1.0.2
64 silly idealTree ├── output-file-sync@1.1.2
64 silly idealTree ├── pako@0.2.9
64 silly idealTree ├── parallax-js@3.0.0
64 silly idealTree ├── parents@1.0.1
64 silly idealTree ├── parse-asn1@5.1.0
64 silly idealTree ├── parse-glob@3.0.4
64 silly idealTree ├── path-browserify@0.0.0
64 silly idealTree ├── path-is-absolute@1.0.1
64 silly idealTree ├── path-parse@1.0.5
64 silly idealTree ├── path-platform@0.11.15
64 silly idealTree ├── pbkdf2@3.0.12
64 silly idealTree ├── performance-now@2.1.0
64 silly idealTree ├── preserve@0.2.0
64 silly idealTree ├── private@0.1.7
64 silly idealTree ├── process-nextick-args@1.0.7
64 silly idealTree ├── process@0.11.10
64 silly idealTree ├── public-encrypt@4.0.0
64 silly idealTree ├── punycode@1.4.1
64 silly idealTree ├── querystring-es3@0.2.1
64 silly idealTree ├── querystring@0.2.0
64 silly idealTree ├── raf@3.3.2
64 silly idealTree ├─┬ randomatic@1.1.7
64 silly idealTree │ ├─┬ is-number@3.0.0
64 silly idealTree │ │ └── kind-of@3.2.2
64 silly idealTree │ └── kind-of@4.0.0
64 silly idealTree ├── randombytes@2.0.5
64 silly idealTree ├── read-only-stream@2.0.0
64 silly idealTree ├── readable-stream@2.3.0
64 silly idealTree ├── readdirp@2.1.0
64 silly idealTree ├── regenerate@1.3.2
64 silly idealTree ├── regenerator-runtime@0.10.5
64 silly idealTree ├── regenerator-transform@0.9.11
64 silly idealTree ├── regex-cache@0.4.3
64 silly idealTree ├── regexpu-core@2.0.0
64 silly idealTree ├── regjsgen@0.2.0
64 silly idealTree ├─┬ regjsparser@0.1.5
64 silly idealTree │ └── jsesc@0.5.0
64 silly idealTree ├── remove-trailing-separator@1.0.2
64 silly idealTree ├── repeat-element@1.1.2
64 silly idealTree ├── repeat-string@1.6.1
64 silly idealTree ├── repeating@2.0.1
64 silly idealTree ├── resolve@1.3.3
64 silly idealTree ├── right-align@0.1.3
64 silly idealTree ├── ripemd160@2.0.1
64 silly idealTree ├── safe-buffer@5.1.0
64 silly idealTree ├── set-immediate-shim@1.0.1
64 silly idealTree ├── sha.js@2.4.8
64 silly idealTree ├── shasum@1.0.2
64 silly idealTree ├── shell-quote@1.6.1
64 silly idealTree ├── slash@1.0.0
64 silly idealTree ├── source-map-support@0.4.15
64 silly idealTree ├── source-map@0.5.6
64 silly idealTree ├── stream-browserify@2.0.1
64 silly idealTree ├── stream-combiner2@1.1.1
64 silly idealTree ├── stream-http@2.7.2
64 silly idealTree ├── stream-splicer@2.0.0
64 silly idealTree ├─┬ string_decoder@1.0.2
64 silly idealTree │ └── safe-buffer@5.0.1
64 silly idealTree ├── strip-ansi@3.0.1
64 silly idealTree ├─┬ subarg@1.0.0
64 silly idealTree │ └── minimist@1.2.0
64 silly idealTree ├── supports-color@2.0.0
64 silly idealTree ├── syntax-error@1.3.0
64 silly idealTree ├── through@2.3.8
64 silly idealTree ├── through2@2.0.3
64 silly idealTree ├── timers-browserify@1.4.2
64 silly idealTree ├── to-arraybuffer@1.0.1
64 silly idealTree ├── to-fast-properties@1.0.3
64 silly idealTree ├── trim-right@1.0.1
64 silly idealTree ├── tty-browserify@0.0.0
64 silly idealTree ├── typedarray@0.0.6
64 silly idealTree ├── uglify-js@2.8.29
64 silly idealTree ├── uglify-to-browserify@1.0.2
64 silly idealTree ├── umd@3.0.1
64 silly idealTree ├─┬ url@0.11.0
64 silly idealTree │ └── punycode@1.3.2
64 silly idealTree ├── user-home@1.1.1
64 silly idealTree ├── util-deprecate@1.0.2
64 silly idealTree ├─┬ util@0.10.3
64 silly idealTree │ └── inherits@2.0.1
64 silly idealTree ├── v8flags@2.1.1
64 silly idealTree ├── vm-browserify@0.0.4
64 silly idealTree ├── window-size@0.1.0
64 silly idealTree ├── wordwrap@0.0.2
64 silly idealTree ├── wrappy@1.0.2
64 silly idealTree ├── xtend@4.0.1
64 silly idealTree └── yargs@3.10.0
65 silly generateActionsToTake Starting
66 silly install generateActionsToTake
67 silly generateActionsToTake Finishing
68 silly diffTrees action count 1
69 silly diffTrees add parallax-js@3.0.0
70 silly decomposeActions action count 8
71 silly decomposeActions fetch parallax-js@3.0.0
72 silly decomposeActions extract parallax-js@3.0.0
73 silly decomposeActions test parallax-js@3.0.0
74 silly decomposeActions preinstall parallax-js@3.0.0
75 silly decomposeActions build parallax-js@3.0.0
76 silly decomposeActions install parallax-js@3.0.0
77 silly decomposeActions postinstall parallax-js@3.0.0
78 silly decomposeActions finalize parallax-js@3.0.0
79 silly runTopLevelLifecycles Starting
80 silly executeActions Starting
81 silly install executeActions
82 silly doSerial global-install 0
83 silly doParallel fetch 1
84 verbose correctMkdir /Users/shawnbaughcreatives/.npm/_locks correctMkdir not in flight; initializing
85 verbose lock using /Users/shawnbaughcreatives/.npm/_locks/staging-5879819e778d4438.lock for /Volumes/SCHOOL/ATOM BUILDS/node_modules/.staging
86 silly doParallel extract 1
87 silly extract parallax-js@3.0.0
88 verbose unbuild node_modules/.staging/parallax-js-a41ced98
89 silly gentlyRm /Volumes/SCHOOL/ATOM BUILDS/node_modules/.staging/parallax-js-a41ced98 is being purged from base /Volumes/SCHOOL/ATOM BUILDS
90 verbose gentlyRm don't care about contents; nuking /Volumes/SCHOOL/ATOM BUILDS/node_modules/.staging/parallax-js-a41ced98
91 verbose tar unpack /Users/shawnbaughcreatives/.npm/parallax-js/3.0.0/package.tgz
92 verbose tar unpacking to /Volumes/SCHOOL/ATOM BUILDS/node_modules/.staging/parallax-js-a41ced98
93 silly gentlyRm /Volumes/SCHOOL/ATOM BUILDS/node_modules/.staging/parallax-js-a41ced98 is being purged
94 verbose gentlyRm don't care about contents; nuking /Volumes/SCHOOL/ATOM BUILDS/node_modules/.staging/parallax-js-a41ced98
95 silly gunzTarPerm modes [ '755', '644' ]
96 silly gunzTarPerm extractEntry package.json
97 silly gunzTarPerm extractEntry .npmignore
98 silly gunzTarPerm extractEntry README.md
99 silly gunzTarPerm extractEntry LICENSE
100 silly gunzTarPerm extractEntry gulpfile.js
101 silly gunzTarPerm extractEntry bower.json
102 silly gunzTarPerm extractEntry src/parallax.js
103 silly gunzTarPerm extractEntry yarn.lock
104 silly gentlyRm /Volumes/SCHOOL/ATOM BUILDS/node_modules/.staging/parallax-js-a41ced98/node_modules is being purged
105 verbose gentlyRm don't care about contents; nuking /Volumes/SCHOOL/ATOM BUILDS/node_modules/.staging/parallax-js-a41ced98/node_modules
106 silly doParallel preinstall 1
107 silly preinstall parallax-js@3.0.0 /Volumes/SCHOOL/ATOM BUILDS/node_modules/.staging/parallax-js-a41ced98
108 info lifecycle parallax-js@3.0.0~preinstall: parallax-js@3.0.0
109 silly lifecycle parallax-js@3.0.0~preinstall: no script for preinstall, continuing
110 silly doReverseSerial remove 0
111 silly doSerial move 0
112 silly doSerial finalize 1
113 silly finalize /Volumes/SCHOOL/ATOM BUILDS/node_modules/parallax-js
114 silly doSerial build 1
115 silly build parallax-js@3.0.0
116 info linkStuff parallax-js@3.0.0
117 silly linkStuff parallax-js@3.0.0 has /Volumes/SCHOOL/ATOM BUILDS/node_modules as its parent node_modules
118 verbose linkBins parallax-js@3.0.0
119 verbose linkMans parallax-js@3.0.0
120 silly doSerial global-link 0
121 silly doParallel update-linked 0
122 silly doSerial install 1
123 silly install parallax-js@3.0.0 /Volumes/SCHOOL/ATOM BUILDS/node_modules/.staging/parallax-js-a41ced98
124 info lifecycle parallax-js@3.0.0~install: parallax-js@3.0.0
125 verbose lifecycle parallax-js@3.0.0~install: unsafe-perm in lifecycle true
126 verbose lifecycle parallax-js@3.0.0~install: PATH: /usr/local/lib/node_modules/npm/bin/node-gyp-bin:/Volumes/SCHOOL/ATOM BUILDS/node_modules/parallax-js/node_modules/.bin:/Volumes/SCHOOL/ATOM BUILDS/node_modules/.bin:/Users/shawnbaughcreatives/.rvm/gems/ruby-2.3.1/bin:/Users/shawnbaughcreatives/.rvm/gems/ruby-2.3.1@global/bin:/Users/shawnbaughcreatives/.rvm/rubies/ruby-2.3.1/bin:/Library/Frameworks/Python.framework/Versions/2.7/bin:/usr/local/bin:/usr/local/sbin:/usr/local/bin:/usr/bin:/bin:/usr/sbin:/sbin:/usr/local/share/dotnet:/Library/Frameworks/Mono.framework/Versions/Current/Commands:/Users/shawnbaughcreatives/.rvm/bin
127 verbose lifecycle parallax-js@3.0.0~install: CWD: /Volumes/SCHOOL/ATOM BUILDS/node_modules/parallax-js
128 silly lifecycle parallax-js@3.0.0~install: Args: [ '-c', 'npm run build' ]
129 silly lifecycle parallax-js@3.0.0~install: Returned: code: 1  signal: null
130 info lifecycle parallax-js@3.0.0~install: Failed to exec install script
131 verbose unlock done using /Users/shawnbaughcreatives/.npm/_locks/staging-5879819e778d4438.lock for /Volumes/SCHOOL/ATOM BUILDS/node_modules/.staging
132 silly rollbackFailedOptional Starting
133 silly rollbackFailedOptional Finishing
134 silly runTopLevelLifecycles Finishing
135 silly install printInstalled
136 warn enoent ENOENT: no such file or directory, open '/Volumes/SCHOOL/ATOM BUILDS/package.json'
137 verbose enoent ENOENT: no such file or directory, open '/Volumes/SCHOOL/ATOM BUILDS/package.json'
137 verbose enoent This is most likely not a problem with npm itself
137 verbose enoent and is related to npm not being able to find a file.
138 warn ATOM BUILDS No description
139 verbose If you need help, you may report this error at:
139 verbose     <https://github.com/npm/npm/issues>
140 warn ATOM BUILDS No repository field.
141 verbose If you need help, you may report this error at:
141 verbose     <https://github.com/npm/npm/issues>
142 warn ATOM BUILDS No README data
143 verbose If you need help, you may report this error at:
143 verbose     <https://github.com/npm/npm/issues>
144 warn ATOM BUILDS No license field.
145 verbose If you need help, you may report this error at:
145 verbose     <https://github.com/npm/npm/issues>
146 verbose stack Error: parallax-js@3.0.0 install: `npm run build`
146 verbose stack Exit status 1
146 verbose stack     at EventEmitter.<anonymous> (/usr/local/lib/node_modules/npm/lib/utils/lifecycle.js:255:16)
146 verbose stack     at emitTwo (events.js:106:13)
146 verbose stack     at EventEmitter.emit (events.js:191:7)
146 verbose stack     at ChildProcess.<anonymous> (/usr/local/lib/node_modules/npm/lib/utils/spawn.js:40:14)
146 verbose stack     at emitTwo (events.js:106:13)
146 verbose stack     at ChildProcess.emit (events.js:191:7)
146 verbose stack     at maybeClose (internal/child_process.js:877:16)
146 verbose stack     at Process.ChildProcess._handle.onexit (internal/child_process.js:226:5)
147 verbose pkgid parallax-js@3.0.0
148 verbose cwd /Volumes/SCHOOL/ATOM BUILDS/baugh_creative
149 error Darwin 16.5.0
150 error argv "/usr/local/bin/node" "/usr/local/bin/npm" "install" "--save" "https://github.com/wagerfield/parallax"
151 error node v6.10.0
152 error npm  v3.10.10
153 error code ELIFECYCLE
154 error parallax-js@3.0.0 install: `npm run build`
154 error Exit status 1
155 error Failed at the parallax-js@3.0.0 install script 'npm run build'.
155 error Make sure you have the latest version of node.js and npm installed.
155 error If you do, this is most likely a problem with the parallax-js package,
155 error not with npm itself.
155 error Tell the author that this fails on your system:
155 error     npm run build
155 error You can get information on how to open an issue for this project with:
155 error     npm bugs parallax-js
155 error Or if that isn't available, you can get their info via:
155 error     npm owner ls parallax-js
155 error There is likely additional logging output above.
156 verbose exit [ 1, true ]
